This is pdfTeX, Version 3.14159265-2.6-1.40.19 (TeX Live 2018) (preloaded format=pdflatex 2019.9.12)  12 SEP 2019 14:50
entering extended mode
 restricted \write18 enabled.
 %&-line parsing enabled.
**main.tex
(./main.tex
LaTeX2e <2018-04-01> patch level 5
(/usr/share/texlive/texmf-dist/tex/latex/base/article.cls
Document Class: article 2014/09/29 v1.4h Standard LaTeX document class
(/usr/share/texlive/texmf-dist/tex/latex/base/size10.clo
File: size10.clo 2014/09/29 v1.4h Standard LaTeX file (size option)
)
\c@part=\count80
\c@section=\count81
\c@subsection=\count82
\c@subsubsection=\count83
\c@paragraph=\count84
\c@subparagraph=\count85
\c@figure=\count86
\c@table=\count87
\abovecaptionskip=\skip41
\belowcaptionskip=\skip42
\bibindent=\dimen102
)
(/usr/share/texlive/texmf-dist/tex/latex/base/inputenc.sty
Package: inputenc 2018/04/06 v1.3b Input encoding file
\inpenc@prehook=\toks14
\inpenc@posthook=\toks15
)
(/usr/share/texlive/texmf-dist/tex/generic/babel/babel.sty
Package: babel 2018/06/05 3.22 The Babel package

(/usr/share/texlive/texmf-dist/tex/generic/babel/switch.def
File: switch.def 2018/06/05 3.22 Babel switching mechanism
)
(/usr/share/texlive/texmf-dist/tex/generic/babel-english/english.ldf
Language: english 2017/06/06 v3.3r English support from the babel system

(/usr/share/texlive/texmf-dist/tex/generic/babel/babel.def
File: babel.def 2018/06/05 3.22 Babel common definitions
\babel@savecnt=\count88
\U@D=\dimen103

(/usr/share/texlive/texmf-dist/tex/generic/babel/txtbabel.def)
\bbl@dirlevel=\count89
)
\l@canadian = a dialect from \language\l@american 
\l@australian = a dialect from \language\l@british 
\l@newzealand = a dialect from \language\l@british 
))

! LaTeX Error: Option clash for package inputenc.

See the LaTeX manual or LaTeX Companion for explanation.
Type  H <return>  for immediate help.
 ...                                              
                                                  
l.6 
    
? 
(/usr/share/texlive/texmf-dist/tex/latex/tools/multicol.sty
Package: multicol 2018/04/20 v1.8s multicolumn formatting (FMi)
\c@tracingmulticols=\count90
\mult@box=\box26
\multicol@leftmargin=\dimen104
\c@unbalance=\count91
\c@collectmore=\count92
\doublecol@number=\count93
\multicoltolerance=\count94
\multicolpretolerance=\count95
\full@width=\dimen105
\page@free=\dimen106
\premulticols=\dimen107
\postmulticols=\dimen108
\multicolsep=\skip43
\multicolbaselineskip=\skip44
\partial@page=\box27
\last@line=\box28
\maxbalancingoverflow=\dimen109
\mult@rightbox=\box29
\mult@grightbox=\box30
\mult@gfirstbox=\box31
\mult@firstbox=\box32
\@tempa=\box33
\@tempa=\box34
\@tempa=\box35
\@tempa=\box36
\@tempa=\box37
\@tempa=\box38
\@tempa=\box39
\@tempa=\box40
\@tempa=\box41
\@tempa=\box42
\@tempa=\box43
\@tempa=\box44
\@tempa=\box45
\@tempa=\box46
\@tempa=\box47
\@tempa=\box48
\@tempa=\box49
\c@columnbadness=\count96
\c@finalcolumnbadness=\count97
\last@try=\dimen110
\multicolovershoot=\dimen111
\multicolundershoot=\dimen112
\mult@nat@firstbox=\box50
\colbreak@box=\box51
\mc@col@check@num=\count98
)
(/usr/share/texlive/texmf-dist/tex/latex/geometry/geometry.sty
Package: geometry 2018/04/16 v5.8 Page Geometry

(/usr/share/texlive/texmf-dist/tex/latex/graphics/keyval.sty
Package: keyval 2014/10/28 v1.15 key=value parser (DPC)
\KV@toks@=\toks16
)
(/usr/share/texlive/texmf-dist/tex/generic/oberdiek/ifpdf.sty
Package: ifpdf 2017/03/15 v3.2 Provides the ifpdf switch
)
(/usr/share/texlive/texmf-dist/tex/generic/oberdiek/ifvtex.sty
Package: ifvtex 2016/05/16 v1.6 Detect VTeX and its facilities (HO)
Package ifvtex Info: VTeX not detected.
)
(/usr/share/texlive/texmf-dist/tex/generic/ifxetex/ifxetex.sty
Package: ifxetex 2010/09/12 v0.6 Provides ifxetex conditional
)
\Gm@cnth=\count99
\Gm@cntv=\count100
\c@Gm@tempcnt=\count101
\Gm@bindingoffset=\dimen113
\Gm@wd@mp=\dimen114
\Gm@odd@mp=\dimen115
\Gm@even@mp=\dimen116
\Gm@layoutwidth=\dimen117
\Gm@layoutheight=\dimen118
\Gm@layouthoffset=\dimen119
\Gm@layoutvoffset=\dimen120
\Gm@dimlist=\toks17
)
(/usr/share/texlive/texmf-dist/tex/latex/parskip/parskip.sty
Package: parskip 2001/04/09 non-zero parskip adjustments
)
(/usr/share/texlive/texmf-dist/tex/latex/abstract/abstract.sty
Package: abstract 2009/06/08 v1.2a configurable abstracts
\abstitleskip=\skip45
\absleftindent=\skip46
\absrightindent=\skip47
\absparindent=\skip48
\absparsep=\skip49
)
(/usr/share/texlive/texmf-dist/tex/latex/hyperref/hyperref.sty
Package: hyperref 2018/02/06 v6.86b Hypertext links for LaTeX

(/usr/share/texlive/texmf-dist/tex/generic/oberdiek/hobsub-hyperref.sty
Package: hobsub-hyperref 2016/05/16 v1.14 Bundle oberdiek, subset hyperref (HO)


(/usr/share/texlive/texmf-dist/tex/generic/oberdiek/hobsub-generic.sty
Package: hobsub-generic 2016/05/16 v1.14 Bundle oberdiek, subset generic (HO)
Package: hobsub 2016/05/16 v1.14 Construct package bundles (HO)
Package: infwarerr 2016/05/16 v1.4 Providing info/warning/error messages (HO)
Package: ltxcmds 2016/05/16 v1.23 LaTeX kernel commands for general use (HO)
Package: ifluatex 2016/05/16 v1.4 Provides the ifluatex switch (HO)
Package ifluatex Info: LuaTeX not detected.
Package hobsub Info: Skipping package `ifvtex' (already loaded).
Package: intcalc 2016/05/16 v1.2 Expandable calculations with integers (HO)
Package hobsub Info: Skipping package `ifpdf' (already loaded).
Package: etexcmds 2016/05/16 v1.6 Avoid name clashes with e-TeX commands (HO)
Package etexcmds Info: Could not find \expanded.
(etexcmds)             That can mean that you are not using pdfTeX 1.50 or
(etexcmds)             that some package has redefined \expanded.
(etexcmds)             In the latter case, load this package earlier.
Package: kvsetkeys 2016/05/16 v1.17 Key value parser (HO)
Package: kvdefinekeys 2016/05/16 v1.4 Define keys (HO)
Package: pdftexcmds 2018/01/30 v0.27 Utility functions of pdfTeX for LuaTeX (HO
)
Package pdftexcmds Info: LuaTeX not detected.
Package pdftexcmds Info: \pdf@primitive is available.
Package pdftexcmds Info: \pdf@ifprimitive is available.
Package pdftexcmds Info: \pdfdraftmode found.
Package: pdfescape 2016/05/16 v1.14 Implements pdfTeX's escape features (HO)
Package: bigintcalc 2016/05/16 v1.4 Expandable calculations on big integers (HO
)
Package: bitset 2016/05/16 v1.2 Handle bit-vector datatype (HO)
Package: uniquecounter 2016/05/16 v1.3 Provide unlimited unique counter (HO)
)
Package hobsub Info: Skipping package `hobsub' (already loaded).
Package: letltxmacro 2016/05/16 v1.5 Let assignment for LaTeX macros (HO)
Package: hopatch 2016/05/16 v1.3 Wrapper for package hooks (HO)
Package: xcolor-patch 2016/05/16 xcolor patch
Package: atveryend 2016/05/16 v1.9 Hooks at the very end of document (HO)
Package atveryend Info: \enddocument detected (standard20110627).
Package: atbegshi 2016/06/09 v1.18 At begin shipout hook (HO)
Package: refcount 2016/05/16 v3.5 Data extraction from label references (HO)
Package: hycolor 2016/05/16 v1.8 Color options for hyperref/bookmark (HO)
)
(/usr/share/texlive/texmf-dist/tex/latex/oberdiek/auxhook.sty
Package: auxhook 2016/05/16 v1.4 Hooks for auxiliary files (HO)
)
(/usr/share/texlive/texmf-dist/tex/latex/oberdiek/kvoptions.sty
Package: kvoptions 2016/05/16 v3.12 Key value format for package options (HO)
)
\@linkdim=\dimen121
\Hy@linkcounter=\count102
\Hy@pagecounter=\count103

(/usr/share/texlive/texmf-dist/tex/latex/hyperref/pd1enc.def
File: pd1enc.def 2018/02/06 v6.86b Hyperref: PDFDocEncoding definition (HO)
Now handling font encoding PD1 ...
... no UTF-8 mapping file for font encoding PD1
)
\Hy@SavedSpaceFactor=\count104

(/usr/share/texlive/texmf-dist/tex/latex/latexconfig/hyperref.cfg
File: hyperref.cfg 2002/06/06 v1.2 hyperref configuration of TeXLive
)
Package hyperref Info: Hyper figures OFF on input line 4509.
Package hyperref Info: Link nesting OFF on input line 4514.
Package hyperref Info: Hyper index ON on input line 4517.
Package hyperref Info: Plain pages OFF on input line 4524.
Package hyperref Info: Backreferencing OFF on input line 4529.
Package hyperref Info: Implicit mode ON; LaTeX internals redefined.
Package hyperref Info: Bookmarks ON on input line 4762.
\c@Hy@tempcnt=\count105

(/usr/share/texlive/texmf-dist/tex/latex/url/url.sty
\Urlmuskip=\muskip10
Package: url 2013/09/16  ver 3.4  Verb mode for urls, etc.
)
LaTeX Info: Redefining \url on input line 5115.
\XeTeXLinkMargin=\dimen122
\Fld@menulength=\count106
\Field@Width=\dimen123
\Fld@charsize=\dimen124
Package hyperref Info: Hyper figures OFF on input line 6369.
Package hyperref Info: Link nesting OFF on input line 6374.
Package hyperref Info: Hyper index ON on input line 6377.
Package hyperref Info: backreferencing OFF on input line 6384.
Package hyperref Info: Link coloring OFF on input line 6389.
Package hyperref Info: Link coloring with OCG OFF on input line 6394.
Package hyperref Info: PDF/A mode OFF on input line 6399.
LaTeX Info: Redefining \ref on input line 6439.
LaTeX Info: Redefining \pageref on input line 6443.
\Hy@abspage=\count107
\c@Item=\count108
\c@Hfootnote=\count109
)
Package hyperref Info: Driver (autodetected): hpdftex.

(/usr/share/texlive/texmf-dist/tex/latex/hyperref/hpdftex.def
File: hpdftex.def 2018/02/06 v6.86b Hyperref driver for pdfTeX
\Fld@listcount=\count110
\c@bookmark@seq@number=\count111

(/usr/share/texlive/texmf-dist/tex/latex/oberdiek/rerunfilecheck.sty
Package: rerunfilecheck 2016/05/16 v1.8 Rerun checks for auxiliary files (HO)
Package uniquecounter Info: New unique counter `rerunfilecheck' on input line 2
82.
)
\Hy@SectionHShift=\skip50
)
(/usr/share/texlive/texmf-dist/tex/latex/lm/lmodern.sty
Package: lmodern 2009/10/30 v1.6 Latin Modern Fonts
LaTeX Font Info:    Overwriting symbol font `operators' in version `normal'
(Font)                  OT1/cmr/m/n --> OT1/lmr/m/n on input line 22.
LaTeX Font Info:    Overwriting symbol font `letters' in version `normal'
(Font)                  OML/cmm/m/it --> OML/lmm/m/it on input line 23.
LaTeX Font Info:    Overwriting symbol font `symbols' in version `normal'
(Font)                  OMS/cmsy/m/n --> OMS/lmsy/m/n on input line 24.
LaTeX Font Info:    Overwriting symbol font `largesymbols' in version `normal'
(Font)                  OMX/cmex/m/n --> OMX/lmex/m/n on input line 25.
LaTeX Font Info:    Overwriting symbol font `operators' in version `bold'
(Font)                  OT1/cmr/bx/n --> OT1/lmr/bx/n on input line 26.
LaTeX Font Info:    Overwriting symbol font `letters' in version `bold'
(Font)                  OML/cmm/b/it --> OML/lmm/b/it on input line 27.
LaTeX Font Info:    Overwriting symbol font `symbols' in version `bold'
(Font)                  OMS/cmsy/b/n --> OMS/lmsy/b/n on input line 28.
LaTeX Font Info:    Overwriting symbol font `largesymbols' in version `bold'
(Font)                  OMX/cmex/m/n --> OMX/lmex/m/n on input line 29.
LaTeX Font Info:    Overwriting math alphabet `\mathbf' in version `normal'
(Font)                  OT1/cmr/bx/n --> OT1/lmr/bx/n on input line 31.
LaTeX Font Info:    Overwriting math alphabet `\mathsf' in version `normal'
(Font)                  OT1/cmss/m/n --> OT1/lmss/m/n on input line 32.
LaTeX Font Info:    Overwriting math alphabet `\mathit' in version `normal'
(Font)                  OT1/cmr/m/it --> OT1/lmr/m/it on input line 33.
LaTeX Font Info:    Overwriting math alphabet `\mathtt' in version `normal'
(Font)                  OT1/cmtt/m/n --> OT1/lmtt/m/n on input line 34.
LaTeX Font Info:    Overwriting math alphabet `\mathbf' in version `bold'
(Font)                  OT1/cmr/bx/n --> OT1/lmr/bx/n on input line 35.
LaTeX Font Info:    Overwriting math alphabet `\mathsf' in version `bold'
(Font)                  OT1/cmss/bx/n --> OT1/lmss/bx/n on input line 36.
LaTeX Font Info:    Overwriting math alphabet `\mathit' in version `bold'
(Font)                  OT1/cmr/bx/it --> OT1/lmr/bx/it on input line 37.
LaTeX Font Info:    Overwriting math alphabet `\mathtt' in version `bold'
(Font)                  OT1/cmtt/m/n --> OT1/lmtt/m/n on input line 38.
)
(/usr/share/texlive/texmf-dist/tex/latex/base/fontenc.sty
Package: fontenc 2017/04/05 v2.0i Standard LaTeX package

(/usr/share/texlive/texmf-dist/tex/latex/base/t1enc.def
File: t1enc.def 2017/04/05 v2.0i Standard LaTeX file
LaTeX Font Info:    Redeclaring font encoding T1 on input line 48.
))
(/usr/share/texlive/texmf-dist/tex/latex/caption/caption.sty
Package: caption 2018/05/01 v3.3-147 Customizing captions (AR)

(/usr/share/texlive/texmf-dist/tex/latex/caption/caption3.sty
Package: caption3 2018/05/27 v1.8a caption3 kernel (AR)
Package caption3 Info: TeX engine: e-TeX on input line 64.
\captionmargin=\dimen125
\captionmargin@=\dimen126
\captionwidth=\dimen127
\caption@tempdima=\dimen128
\caption@indent=\dimen129
\caption@parindent=\dimen130
\caption@hangindent=\dimen131
)
\c@ContinuedFloat=\count112
Package caption Info: hyperref package is loaded.
)
(/usr/share/texlive/texmf-dist/tex/latex/caption/subcaption.sty
Package: subcaption 2018/05/01 v1.1-162 Sub-captions (AR)
\c@subfigure=\count113
\c@subtable=\count114
)
(/usr/share/texlive/texmf-dist/tex/latex/graphics/graphicx.sty
Package: graphicx 2017/06/01 v1.1a Enhanced LaTeX Graphics (DPC,SPQR)

(/usr/share/texlive/texmf-dist/tex/latex/graphics/graphics.sty
Package: graphics 2017/06/25 v1.2c Standard LaTeX Graphics (DPC,SPQR)

(/usr/share/texlive/texmf-dist/tex/latex/graphics/trig.sty
Package: trig 2016/01/03 v1.10 sin cos tan (DPC)
)
(/usr/share/texlive/texmf-dist/tex/latex/graphics-cfg/graphics.cfg
File: graphics.cfg 2016/06/04 v1.11 sample graphics configuration
)
Package graphics Info: Driver file: pdftex.def on input line 99.

(/usr/share/texlive/texmf-dist/tex/latex/graphics-def/pdftex.def
File: pdftex.def 2018/01/08 v1.0l Graphics/color driver for pdftex
))
\Gin@req@height=\dimen132
\Gin@req@width=\dimen133
)
(/usr/share/texlive/texmf-dist/tex/latex/ccaption/ccaption.sty
Package: ccaption 2011/08/07 v3.2c Extended captioning and new floats
\@contcwidth=\skip51


! LaTeX Error: Command \captionwidth already defined.
               Or name \end... illegal, see p.192 of the manual.

See the LaTeX manual or LaTeX Companion for explanation.
Type  H <return>  for immediate help.
 ...                                              
                                                  
l.78 ...ionwidth}[1]{\setlength{\@contcwidth}{#1}}
                                                  
? 
! Missing number, treated as zero.
<to be read again> 
                   {
l.79 \captionwidth{
                   \linewidth}
? 
! Illegal unit of measure (pt inserted).
<to be read again> 
                   {
l.79 \captionwidth{
                   \linewidth}
? 
! Missing number, treated as zero.
<to be read again> 
                   }
l.79 \captionwidth{\linewidth}
                              
? 
! Illegal unit of measure (pt inserted).
<to be read again> 
                   }
l.79 \captionwidth{\linewidth}
                              
? 
\@contindw=\skip52
\abovelegendskip=\skip53
\belowlegendskip=\skip54
\c@newflo@tctr=\count115
) (/usr/share/texlive/texmf-dist/tex/latex/enumitem/enumitem.sty
Package: enumitem 2011/09/28 v3.5.2 Customized lists
\labelindent=\skip55
\enit@outerparindent=\dimen134
\enit@toks=\toks18
\enit@inbox=\box52
\enitdp@description=\count116
)
(/usr/share/texlive/texmf-dist/tex/latex/qtree/qtree.sty
Package: 2008/12/12 v.3.1bQtree: tree-drawing for linguistics
Package: qtree 2008/12/12 v.3.1bQtree: tree-drawing for linguistics
(/usr/share/texlive/texmf-dist/tex/latex/pict2e/pict2e.sty
Package: pict2e 2016/02/05 v0.3b Improved picture commands (HjG,RN,JT)

(/usr/share/texlive/texmf-dist/tex/latex/pict2e/pict2e.cfg
File: pict2e.cfg 2016/02/05 v0.1u pict2e configuration for teTeX/TeXLive
)
Package pict2e Info: Driver file: pdftex.def on input line 119.
Package pict2e Info: Driver file for pict2e: p2e-pdftex.def on input line 121.

(/usr/share/texlive/texmf-dist/tex/latex/pict2e/p2e-pdftex.def
File: p2e-pdftex.def 2016/02/05 v0.1u Driver-dependant file (RN,HjG,JT)
)
\pIIe@GRAPH=\toks19
\@arclen=\dimen135
\@arcrad=\dimen136
\@tempdimd=\dimen137
)
\c@treecount=\count117
\c@branchcount=\count118
\parentbox=\box53
\treebox=\box54
\treeboxone=\box55
\treeboxtwo=\box56
\treeboxthree=\box57
\treeboxfour=\box58
\treeboxfive=\box59
\treeboxsix=\box60
\treeboxseven=\box61
\treeboxeight=\box62
\treeboxnine=\box63
\treeboxten=\box64
\treeboxeleven=\box65
\treeboxtwelve=\box66
\treeboxthirteen=\box67
\treeboxfourteen=\box68
\treeboxfifteen=\box69
\treeboxsixteen=\box70
\treeboxseventeen=\box71
\treeboxeighteen=\box72
\treeboxnineteen=\box73
\treeboxtwenty=\box74
\treeoffsetone=\skip56
\treeoffsettwo=\skip57
\treeoffsetthree=\skip58
\treeoffsetfour=\skip59
\treeoffsetfive=\skip60
\treeoffsetsix=\skip61
\treeoffsetseven=\skip62
\treeoffseteight=\skip63
\treeoffsetnine=\skip64
\treeoffsetten=\skip65
\treeoffseteleven=\skip66
\treeoffsettwelve=\skip67
\treeoffsetthirteen=\skip68
\treeoffsetfourteen=\skip69
\treeoffsetfifteen=\skip70
\treeoffsetsixteen=\skip71
\treeoffsetseventeen=\skip72
\treeoffseteighteen=\skip73
\treeoffsetnineteen=\skip74
\treeoffsettwenty=\skip75
\treeshiftone=\skip76
\treeshifttwo=\skip77
\treeshiftthree=\skip78
\treeshiftfour=\skip79
\treeshiftfive=\skip80
\treeshiftsix=\skip81
\treeshiftseven=\skip82
\treeshifteight=\skip83
\treeshiftnine=\skip84
\treeshiftten=\skip85
\treeshifteleven=\skip86
\treeshifttwelve=\skip87
\treeshiftthirteen=\skip88
\treeshiftfourteen=\skip89
\treeshiftfifteen=\skip90
\treeshiftsixteen=\skip91
\treeshiftseventeen=\skip92
\treeshifteighteen=\skip93
\treeshiftnineteen=\skip94
\treeshifttwenty=\skip95
\treewidthone=\skip96
\treewidthtwo=\skip97
\treewidththree=\skip98
\treewidthfour=\skip99
\treewidthfive=\skip100
\treewidthsix=\skip101
\treewidthseven=\skip102
\treewidtheight=\skip103
\treewidthnine=\skip104
\treewidthten=\skip105
\treewidtheleven=\skip106
\treewidthtwelve=\skip107
\treewidththirteen=\skip108
\treewidthfourteen=\skip109
\treewidthfifteen=\skip110
\treewidthsixteen=\skip111
\treewidthseventeen=\skip112
\treewidtheighteen=\skip113
\treewidthnineteen=\skip114
\treewidthtwenty=\skip115
\daughteroffsetone=\skip116
\daughteroffsettwo=\skip117
\daughteroffsetthree=\skip118
\daughteroffsetfour=\skip119
\branchwidthone=\skip120
\branchwidthtwo=\skip121
\branchwidththree=\skip122
\branchwidthfour=\skip123
\parentoffset=\skip124
\treeoffset=\skip125
\daughteroffset=\skip126
\branchwidth=\skip127
\parentwidth=\skip128
\treewidth=\skip129
\qta=\toks20
\qtb=\toks21
\nbranches=\count119
\qroofx=\count120
\qroofy=\count121
\@qrscratchbox=\box75
)
(/usr/share/texlive/texmf-dist/tex/latex/capt-of/capt-of.sty
Package: capt-of 2009/12/29 v0.2 standard captions outside of floats
)
(/usr/share/texlive/texmf-dist/tex/latex/float/float.sty
Package: float 2001/11/08 v1.3d Float enhancements (AL)
\c@float@type=\count122
\float@exts=\toks22
\float@box=\box76
\@float@everytoks=\toks23
\@floatcapt=\box77
)
(/usr/share/texlive/texmf-dist/tex/latex/listings/listings.sty
\lst@mode=\count123
\lst@gtempboxa=\box78
\lst@token=\toks24
\lst@length=\count124
\lst@currlwidth=\dimen138
\lst@column=\count125
\lst@pos=\count126
\lst@lostspace=\dimen139
\lst@width=\dimen140
\lst@newlines=\count127
\lst@lineno=\count128
\lst@maxwidth=\dimen141

(/usr/share/texlive/texmf-dist/tex/latex/listings/lstmisc.sty
File: lstmisc.sty 2015/06/04 1.6 (Carsten Heinz)
\c@lstnumber=\count129
\lst@skipnumbers=\count130
\lst@framebox=\box79
)
(/usr/share/texlive/texmf-dist/tex/latex/listings/listings.cfg
File: listings.cfg 2015/06/04 1.6 listings configuration
))
Package: listings 2015/06/04 1.6 (Carsten Heinz)

(/usr/share/texlive/texmf-dist/tex/latex/appendix/appendix.sty
Package: appendix 2009/09/02 v1.2b extra appendix facilities
\c@@pps=\count131
\c@@ppsavesec=\count132
\c@@ppsaveapp=\count133
)
(/usr/share/texlive/texmf-dist/tex/latex/amsmath/amsmath.sty
Package: amsmath 2017/09/02 v2.17a AMS math features
\@mathmargin=\skip130

For additional information on amsmath, use the `?' option.
(/usr/share/texlive/texmf-dist/tex/latex/amsmath/amstext.sty
Package: amstext 2000/06/29 v2.01 AMS text

(/usr/share/texlive/texmf-dist/tex/latex/amsmath/amsgen.sty
File: amsgen.sty 1999/11/30 v2.0 generic functions
\@emptytoks=\toks25
\ex@=\dimen142
))
(/usr/share/texlive/texmf-dist/tex/latex/amsmath/amsbsy.sty
Package: amsbsy 1999/11/29 v1.2d Bold Symbols
\pmbraise@=\dimen143
)
(/usr/share/texlive/texmf-dist/tex/latex/amsmath/amsopn.sty
Package: amsopn 2016/03/08 v2.02 operator names
)
\inf@bad=\count134
LaTeX Info: Redefining \frac on input line 213.
\uproot@=\count135
\leftroot@=\count136
LaTeX Info: Redefining \overline on input line 375.
\classnum@=\count137
\DOTSCASE@=\count138
LaTeX Info: Redefining \ldots on input line 472.
LaTeX Info: Redefining \dots on input line 475.
LaTeX Info: Redefining \cdots on input line 596.
\Mathstrutbox@=\box80
\strutbox@=\box81
\big@size=\dimen144
LaTeX Font Info:    Redeclaring font encoding OML on input line 712.
LaTeX Font Info:    Redeclaring font encoding OMS on input line 713.
\macc@depth=\count139
\c@MaxMatrixCols=\count140
\dotsspace@=\muskip11
\c@parentequation=\count141
\dspbrk@lvl=\count142
\tag@help=\toks26
\row@=\count143
\column@=\count144
\maxfields@=\count145
\andhelp@=\toks27
\eqnshift@=\dimen145
\alignsep@=\dimen146
\tagshift@=\dimen147
\tagwidth@=\dimen148
\totwidth@=\dimen149
\lineht@=\dimen150
\@envbody=\toks28
\multlinegap=\skip131
\multlinetaggap=\skip132
\mathdisplay@stack=\toks29
LaTeX Info: Redefining \[ on input line 2817.
LaTeX Info: Redefining \] on input line 2818.
)
(/usr/share/texlive/texmf-dist/tex/latex/amscls/amsthm.sty
Package: amsthm 2017/10/31 v2.20.4
\thm@style=\toks30
\thm@bodyfont=\toks31
\thm@headfont=\toks32
\thm@notefont=\toks33
\thm@headpunct=\toks34
\thm@preskip=\skip133
\thm@postskip=\skip134
\thm@headsep=\skip135
\dth@everypar=\toks35
) (./main.aux

LaTeX Warning: Label `fig:perf' multiply defined.


LaTeX Warning: Label `fig:perf' multiply defined.


LaTeX Warning: Label `fig:perf' multiply defined.


LaTeX Warning: Label `fig:perf' multiply defined.


LaTeX Warning: Label `fig:perf' multiply defined.


LaTeX Warning: Label `fig:perf' multiply defined.


LaTeX Warning: Label `fig:perf' multiply defined.


LaTeX Warning: Label `fig:perf' multiply defined.


LaTeX Warning: Label `fig:perf' multiply defined.


LaTeX Warning: Label `fig:perf' multiply defined.


LaTeX Warning: Label `fig:perf' multiply defined.


LaTeX Warning: Label `fig:perf' multiply defined.


LaTeX Warning: Label `fig:perf' multiply defined.


LaTeX Warning: Label `fig:perf' multiply defined.


LaTeX Warning: Label `fig:perf' multiply defined.

)
\openout1 = `main.aux'.

LaTeX Font Info:    Checking defaults for OML/cmm/m/it on input line 50.
LaTeX Font Info:    ... okay on input line 50.
LaTeX Font Info:    Checking defaults for T1/cmr/m/n on input line 50.
LaTeX Font Info:    ... okay on input line 50.
LaTeX Font Info:    Checking defaults for OT1/cmr/m/n on input line 50.
LaTeX Font Info:    ... okay on input line 50.
LaTeX Font Info:    Checking defaults for OMS/cmsy/m/n on input line 50.
LaTeX Font Info:    ... okay on input line 50.
LaTeX Font Info:    Checking defaults for OMX/cmex/m/n on input line 50.
LaTeX Font Info:    ... okay on input line 50.
LaTeX Font Info:    Checking defaults for U/cmr/m/n on input line 50.
LaTeX Font Info:    ... okay on input line 50.
LaTeX Font Info:    Checking defaults for PD1/pdf/m/n on input line 50.
LaTeX Font Info:    ... okay on input line 50.
LaTeX Font Info:    Try loading font information for T1+lmr on input line 50.
 (/usr/share/texlive/texmf-dist/tex/latex/lm/t1lmr.fd
File: t1lmr.fd 2009/10/30 v1.6 Font defs for Latin Modern
)
*geometry* driver: auto-detecting
*geometry* detected driver: pdftex
*geometry* verbose mode - [ preamble ] result:
* driver: pdftex
* paper: <default>
* layout: <same size as paper>
* layoutoffset:(h,v)=(0.0pt,0.0pt)
* modes: 
* h-part:(L,W,R)=(113.81102pt, 386.67296pt, 113.81102pt)
* v-part:(T,H,B)=(85.35826pt, 624.25346pt, 85.35826pt)
* \paperwidth=614.295pt
* \paperheight=794.96999pt
* \textwidth=386.67296pt
* \textheight=624.25346pt
* \oddsidemargin=41.54103pt
* \evensidemargin=41.54103pt
* \topmargin=-23.91173pt
* \headheight=12.0pt
* \headsep=25.0pt
* \topskip=10.0pt
* \footskip=30.0pt
* \marginparwidth=65.0pt
* \marginparsep=11.0pt
* \columnsep=10.0pt
* \skip\footins=9.0pt plus 4.0pt minus 2.0pt
* \hoffset=0.0pt
* \voffset=0.0pt
* \mag=1000
* \@twocolumnfalse
* \@twosidefalse
* \@mparswitchfalse
* \@reversemarginfalse
* (1in=72.27pt=25.4mm, 1cm=28.453pt)

\AtBeginShipoutBox=\box82
Package hyperref Info: Link coloring OFF on input line 50.
(/usr/share/texlive/texmf-dist/tex/latex/hyperref/nameref.sty
Package: nameref 2016/05/21 v2.44 Cross-referencing by name of section

(/usr/share/texlive/texmf-dist/tex/generic/oberdiek/gettitlestring.sty
Package: gettitlestring 2016/05/16 v1.5 Cleanup title references (HO)
)
\c@section@level=\count146
)
LaTeX Info: Redefining \ref on input line 50.
LaTeX Info: Redefining \pageref on input line 50.
LaTeX Info: Redefining \nameref on input line 50.

(./main.out) (./main.out)
\@outlinefile=\write3
\openout3 = `main.out'.

Package caption Info: Begin \AtBeginDocument code.
Package caption Info: float package is loaded.
Package caption Info: listings package is loaded.
Package caption Info: End \AtBeginDocument code.

(/usr/share/texlive/texmf-dist/tex/context/base/mkii/supp-pdf.mkii
[Loading MPS to PDF converter (version 2006.09.02).]
\scratchcounter=\count147
\scratchdimen=\dimen151
\scratchbox=\box83
\nofMPsegments=\count148
\nofMParguments=\count149
\everyMPshowfont=\toks36
\MPscratchCnt=\count150
\MPscratchDim=\dimen152
\MPnumerator=\count151
\makeMPintoPDFobject=\count152
\everyMPtoPDFconversion=\toks37
) (/usr/share/texlive/texmf-dist/tex/latex/oberdiek/epstopdf-base.sty
Package: epstopdf-base 2016/05/15 v2.6 Base part for package epstopdf

(/usr/share/texlive/texmf-dist/tex/latex/oberdiek/grfext.sty
Package: grfext 2016/05/16 v1.2 Manage graphics extensions (HO)
)
Package epstopdf-base Info: Redefining graphics rule for `.eps' on input line 4
38.
Package grfext Info: Graphics extension search list:
(grfext)             [.pdf,.png,.jpg,.mps,.jpeg,.jbig2,.jb2,.PDF,.PNG,.JPG,.JPE
G,.JBIG2,.JB2,.eps]
(grfext)             \AppendGraphicsExtensions on input line 456.

(/usr/share/texlive/texmf-dist/tex/latex/latexconfig/epstopdf-sys.cfg
File: epstopdf-sys.cfg 2010/07/13 v1.3 Configuration of (r)epstopdf for TeX Liv
e
))
\c@lstlisting=\count153
Package epstopdf Info: Source file: <pics/LAXadvection.eps>
(epstopdf)                    date: 2019-09-12 14:42:45
(epstopdf)                    size: 18256 bytes
(epstopdf)             Output file: <pics/LAXadvection-eps-converted-to.pdf>
(epstopdf)             Command: <repstopdf --outfile=pics/LAXadvection-eps-conv
erted-to.pdf pics/LAXadvection.eps>
(epstopdf)             \includegraphics on input line 70.
runsystem(repstopdf --outfile=pics/LAXadvection-eps-converted-to.pdf pics/LAXad
vection.eps)...executed safely (allowed).

Package epstopdf Info: Result file: <pics/LAXadvection-eps-converted-to.pdf>
(epstopdf)                    date: 2019-09-12 14:50:30
(epstopdf)                    size: 12478 bytes.


pdfTeX warning: pdflatex (file ./pics/LAXadvection-eps-converted-to.pdf): PDF i
nclusion: found PDF version <1.7>, but at most version <1.5> allowed
<pics/LAXadvection-eps-converted-to.pdf, id=4, 433.62pt x 289.08pt>
File: pics/LAXadvection-eps-converted-to.pdf Graphic file (type pdf)
<use pics/LAXadvection-eps-converted-to.pdf>
Package pdftex.def Info: pics/LAXadvection-eps-converted-to.pdf  used on input 
line 70.
(pdftex.def)             Requested size: 386.67296pt x 257.79646pt.
[1

{/usr/share/texlive/texmf-dist/fonts/map/pdftex/updmap/pdftex.map}]
Package epstopdf Info: Source file: <pics/LAXburger.eps>
(epstopdf)                    date: 2019-09-12 14:42:45
(epstopdf)                    size: 17741 bytes
(epstopdf)             Output file: <pics/LAXburger-eps-converted-to.pdf>
(epstopdf)             Command: <repstopdf --outfile=pics/LAXburger-eps-convert
ed-to.pdf pics/LAXburger.eps>
(epstopdf)             \includegraphics on input line 76.
runsystem(repstopdf --outfile=pics/LAXburger-eps-converted-to.pdf pics/LAXburge
r.eps)...executed safely (allowed).

Package epstopdf Info: Result file: <pics/LAXburger-eps-converted-to.pdf>
(epstopdf)                    date: 2019-09-12 14:50:30
(epstopdf)                    size: 11582 bytes.


pdfTeX warning: pdflatex (file ./pics/LAXburger-eps-converted-to.pdf): PDF incl
usion: found PDF version <1.7>, but at most version <1.5> allowed
<pics/LAXburger-eps-converted-to.pdf, id=15, 433.62pt x 289.08pt>
File: pics/LAXburger-eps-converted-to.pdf Graphic file (type pdf)
<use pics/LAXburger-eps-converted-to.pdf>
Package pdftex.def Info: pics/LAXburger-eps-converted-to.pdf  used on input lin
e 76.
(pdftex.def)             Requested size: 386.67296pt x 257.79646pt.
Package epstopdf Info: Source file: <pics/Wendroffadvection.eps>
(epstopdf)                    date: 2019-09-12 14:42:45
(epstopdf)                    size: 20462 bytes
(epstopdf)             Output file: <pics/Wendroffadvection-eps-converted-to.pd
f>
(epstopdf)             Command: <repstopdf --outfile=pics/Wendroffadvection-eps
-converted-to.pdf pics/Wendroffadvection.eps>
(epstopdf)             \includegraphics on input line 82.
runsystem(repstopdf --outfile=pics/Wendroffadvection-eps-converted-to.pdf pics/
Wendroffadvection.eps)...executed safely (allowed).

Package epstopdf Info: Result file: <pics/Wendroffadvection-eps-converted-to.pd
f>
(epstopdf)                    date: 2019-09-12 14:50:31
(epstopdf)                    size: 13417 bytes.


pdfTeX warning: pdflatex (file ./pics/Wendroffadvection-eps-converted-to.pdf): 
PDF inclusion: found PDF version <1.7>, but at most version <1.5> allowed
<pics/Wendroffadvection-eps-converted-to.pdf, id=16, 433.62pt x 289.08pt>
File: pics/Wendroffadvection-eps-converted-to.pdf Graphic file (type pdf)
<use pics/Wendroffadvection-eps-converted-to.pdf>
Package pdftex.def Info: pics/Wendroffadvection-eps-converted-to.pdf  used on i
nput line 82.
(pdftex.def)             Requested size: 386.67296pt x 257.79646pt.
[2 <./pics/LAXadvection-eps-converted-to.pdf> <./pics/LAXburger-eps-converted-t
o.pdf>]
Package epstopdf Info: Source file: <pics/Wendroffburger.eps>
(epstopdf)                    date: 2019-09-12 14:42:46
(epstopdf)                    size: 21822 bytes
(epstopdf)             Output file: <pics/Wendroffburger-eps-converted-to.pdf>
(epstopdf)             Command: <repstopdf --outfile=pics/Wendroffburger-eps-co
nverted-to.pdf pics/Wendroffburger.eps>
(epstopdf)             \includegraphics on input line 88.
runsystem(repstopdf --outfile=pics/Wendroffburger-eps-converted-to.pdf pics/Wen
droffburger.eps)...executed safely (allowed).

Package epstopdf Info: Result file: <pics/Wendroffburger-eps-converted-to.pdf>
(epstopdf)                    date: 2019-09-12 14:50:31
(epstopdf)                    size: 14074 bytes.


pdfTeX warning: pdflatex (file ./pics/Wendroffburger-eps-converted-to.pdf): PDF
 inclusion: found PDF version <1.7>, but at most version <1.5> allowed
<pics/Wendroffburger-eps-converted-to.pdf, id=73, 433.62pt x 289.08pt>
File: pics/Wendroffburger-eps-converted-to.pdf Graphic file (type pdf)
<use pics/Wendroffburger-eps-converted-to.pdf>
Package pdftex.def Info: pics/Wendroffburger-eps-converted-to.pdf  used on inpu
t line 88.
(pdftex.def)             Requested size: 386.67296pt x 257.79646pt.
Package epstopdf Info: Source file: <pics/Maccormackadvection.eps>
(epstopdf)                    date: 2019-09-12 14:42:46
(epstopdf)                    size: 20957 bytes
(epstopdf)             Output file: <pics/Maccormackadvection-eps-converted-to.
pdf>
(epstopdf)             Command: <repstopdf --outfile=pics/Maccormackadvection-e
ps-converted-to.pdf pics/Maccormackadvection.eps>
(epstopdf)             \includegraphics on input line 94.
runsystem(repstopdf --outfile=pics/Maccormackadvection-eps-converted-to.pdf pic
s/Maccormackadvection.eps)...executed safely (allowed).

Package epstopdf Info: Result file: <pics/Maccormackadvection-eps-converted-to.
pdf>
(epstopdf)                    date: 2019-09-12 14:50:31
(epstopdf)                    size: 13548 bytes.


pdfTeX warning: pdflatex (file ./pics/Maccormackadvection-eps-converted-to.pdf)
: PDF inclusion: found PDF version <1.7>, but at most version <1.5> allowed
<pics/Maccormackadvection-eps-converted-to.pdf, id=74, 433.62pt x 289.08pt>
File: pics/Maccormackadvection-eps-converted-to.pdf Graphic file (type pdf)
<use pics/Maccormackadvection-eps-converted-to.pdf>
Package pdftex.def Info: pics/Maccormackadvection-eps-converted-to.pdf  used on
 input line 94.
(pdftex.def)             Requested size: 386.67296pt x 257.79646pt.
[3 <./pics/Wendroffadvection-eps-converted-to.pdf> <./pics/Wendroffburger-eps-c
onverted-to.pdf>]
Package epstopdf Info: Source file: <pics/Maccormackburgers.eps>
(epstopdf)                    date: 2019-09-12 14:42:46
(epstopdf)                    size: 21897 bytes
(epstopdf)             Output file: <pics/Maccormackburgers-eps-converted-to.pd
f>
(epstopdf)             Command: <repstopdf --outfile=pics/Maccormackburgers-eps
-converted-to.pdf pics/Maccormackburgers.eps>
(epstopdf)             \includegraphics on input line 100.
runsystem(repstopdf --outfile=pics/Maccormackburgers-eps-converted-to.pdf pics/
Maccormackburgers.eps)...executed safely (allowed).

Package epstopdf Info: Result file: <pics/Maccormackburgers-eps-converted-to.pd
f>
(epstopdf)                    date: 2019-09-12 14:50:31
(epstopdf)                    size: 13879 bytes.


pdfTeX warning: pdflatex (file ./pics/Maccormackburgers-eps-converted-to.pdf): 
PDF inclusion: found PDF version <1.7>, but at most version <1.5> allowed
<pics/Maccormackburgers-eps-converted-to.pdf, id=141, 433.62pt x 289.08pt>
File: pics/Maccormackburgers-eps-converted-to.pdf Graphic file (type pdf)
<use pics/Maccormackburgers-eps-converted-to.pdf>
Package pdftex.def Info: pics/Maccormackburgers-eps-converted-to.pdf  used on i
nput line 100.
(pdftex.def)             Requested size: 386.67296pt x 257.79646pt.
Package epstopdf Info: Source file: <pics/Godunovadvection.eps>
(epstopdf)                    date: 2019-09-12 14:42:46
(epstopdf)                    size: 17439 bytes
(epstopdf)             Output file: <pics/Godunovadvection-eps-converted-to.pdf
>
(epstopdf)             Command: <repstopdf --outfile=pics/Godunovadvection-eps-
converted-to.pdf pics/Godunovadvection.eps>
(epstopdf)             \includegraphics on input line 106.
runsystem(repstopdf --outfile=pics/Godunovadvection-eps-converted-to.pdf pics/G
odunovadvection.eps)...executed safely (allowed).

Package epstopdf Info: Result file: <pics/Godunovadvection-eps-converted-to.pdf
>
(epstopdf)                    date: 2019-09-12 14:50:31
(epstopdf)                    size: 11649 bytes.


pdfTeX warning: pdflatex (file ./pics/Godunovadvection-eps-converted-to.pdf): P
DF inclusion: found PDF version <1.7>, but at most version <1.5> allowed
<pics/Godunovadvection-eps-converted-to.pdf, id=142, 433.62pt x 289.08pt>
File: pics/Godunovadvection-eps-converted-to.pdf Graphic file (type pdf)
<use pics/Godunovadvection-eps-converted-to.pdf>
Package pdftex.def Info: pics/Godunovadvection-eps-converted-to.pdf  used on in
put line 106.
(pdftex.def)             Requested size: 386.67296pt x 257.79646pt.
[4 <./pics/Maccormackadvection-eps-converted-to.pdf> <./pics/Maccormackburgers-
eps-converted-to.pdf>]
Package epstopdf Info: Source file: <pics/Godunovburgers.eps>
(epstopdf)                    date: 2019-09-12 14:42:46
(epstopdf)                    size: 19592 bytes
(epstopdf)             Output file: <pics/Godunovburgers-eps-converted-to.pdf>
(epstopdf)             Command: <repstopdf --outfile=pics/Godunovburgers-eps-co
nverted-to.pdf pics/Godunovburgers.eps>
(epstopdf)             \includegraphics on input line 112.
runsystem(repstopdf --outfile=pics/Godunovburgers-eps-converted-to.pdf pics/God
unovburgers.eps)...executed safely (allowed).

Package epstopdf Info: Result file: <pics/Godunovburgers-eps-converted-to.pdf>
(epstopdf)                    date: 2019-09-12 14:50:32
(epstopdf)                    size: 12783 bytes.


pdfTeX warning: pdflatex (file ./pics/Godunovburgers-eps-converted-to.pdf): PDF
 inclusion: found PDF version <1.7>, but at most version <1.5> allowed
<pics/Godunovburgers-eps-converted-to.pdf, id=206, 433.62pt x 289.08pt>
File: pics/Godunovburgers-eps-converted-to.pdf Graphic file (type pdf)
<use pics/Godunovburgers-eps-converted-to.pdf>
Package pdftex.def Info: pics/Godunovburgers-eps-converted-to.pdf  used on inpu
t line 112.
(pdftex.def)             Requested size: 386.67296pt x 257.79646pt.
Package epstopdf Info: Source file: <pics/Roeadvection.eps>
(epstopdf)                    date: 2019-09-12 14:42:46
(epstopdf)                    size: 16907 bytes
(epstopdf)             Output file: <pics/Roeadvection-eps-converted-to.pdf>
(epstopdf)             Command: <repstopdf --outfile=pics/Roeadvection-eps-conv
erted-to.pdf pics/Roeadvection.eps>
(epstopdf)             \includegraphics on input line 118.
runsystem(repstopdf --outfile=pics/Roeadvection-eps-converted-to.pdf pics/Roead
vection.eps)...executed safely (allowed).

Package epstopdf Info: Result file: <pics/Roeadvection-eps-converted-to.pdf>
(epstopdf)                    date: 2019-09-12 14:50:32
(epstopdf)                    size: 11301 bytes.


pdfTeX warning: pdflatex (file ./pics/Roeadvection-eps-converted-to.pdf): PDF i
nclusion: found PDF version <1.7>, but at most version <1.5> allowed
<pics/Roeadvection-eps-converted-to.pdf, id=207, 433.62pt x 289.08pt>
File: pics/Roeadvection-eps-converted-to.pdf Graphic file (type pdf)
<use pics/Roeadvection-eps-converted-to.pdf>
Package pdftex.def Info: pics/Roeadvection-eps-converted-to.pdf  used on input 
line 118.
(pdftex.def)             Requested size: 386.67296pt x 257.79646pt.
[5 <./pics/Godunovadvection-eps-converted-to.pdf> <./pics/Godunovburgers-eps-co
nverted-to.pdf>]
Package epstopdf Info: Source file: <pics/Roeburgers.eps>
(epstopdf)                    date: 2019-09-12 14:42:46
(epstopdf)                    size: 18423 bytes
(epstopdf)             Output file: <pics/Roeburgers-eps-converted-to.pdf>
(epstopdf)             Command: <repstopdf --outfile=pics/Roeburgers-eps-conver
ted-to.pdf pics/Roeburgers.eps>
(epstopdf)             \includegraphics on input line 124.
runsystem(repstopdf --outfile=pics/Roeburgers-eps-converted-to.pdf pics/Roeburg
ers.eps)...executed safely (allowed).

Package epstopdf Info: Result file: <pics/Roeburgers-eps-converted-to.pdf>
(epstopdf)                    date: 2019-09-12 14:50:32
(epstopdf)                    size: 11876 bytes.


pdfTeX warning: pdflatex (file ./pics/Roeburgers-eps-converted-to.pdf): PDF inc
lusion: found PDF version <1.7>, but at most version <1.5> allowed
<pics/Roeburgers-eps-converted-to.pdf, id=265, 433.62pt x 289.08pt>
File: pics/Roeburgers-eps-converted-to.pdf Graphic file (type pdf)
<use pics/Roeburgers-eps-converted-to.pdf>
Package pdftex.def Info: pics/Roeburgers-eps-converted-to.pdf  used on input li
ne 124.
(pdftex.def)             Requested size: 386.67296pt x 257.79646pt.
Package epstopdf Info: Source file: <pics/Roefrommadvection.eps>
(epstopdf)                    date: 2019-09-12 14:42:47
(epstopdf)                    size: 21521 bytes
(epstopdf)             Output file: <pics/Roefrommadvection-eps-converted-to.pd
f>
(epstopdf)             Command: <repstopdf --outfile=pics/Roefrommadvection-eps
-converted-to.pdf pics/Roefrommadvection.eps>
(epstopdf)             \includegraphics on input line 130.
runsystem(repstopdf --outfile=pics/Roefrommadvection-eps-converted-to.pdf pics/
Roefrommadvection.eps)...executed safely (allowed).

Package epstopdf Info: Result file: <pics/Roefrommadvection-eps-converted-to.pd
f>
(epstopdf)                    date: 2019-09-12 14:50:32
(epstopdf)                    size: 14042 bytes.


pdfTeX warning: pdflatex (file ./pics/Roefrommadvection-eps-converted-to.pdf): 
PDF inclusion: found PDF version <1.7>, but at most version <1.5> allowed
<pics/Roefrommadvection-eps-converted-to.pdf, id=266, 433.62pt x 289.08pt>
File: pics/Roefrommadvection-eps-converted-to.pdf Graphic file (type pdf)
<use pics/Roefrommadvection-eps-converted-to.pdf>
Package pdftex.def Info: pics/Roefrommadvection-eps-converted-to.pdf  used on i
nput line 130.
(pdftex.def)             Requested size: 386.67296pt x 257.79646pt.
[6 <./pics/Roeadvection-eps-converted-to.pdf> <./pics/Roeburgers-eps-converted-
to.pdf>]
Package epstopdf Info: Source file: <pics/Roefrommburgers.eps>
(epstopdf)                    date: 2019-09-12 14:42:46
(epstopdf)                    size: 21914 bytes
(epstopdf)             Output file: <pics/Roefrommburgers-eps-converted-to.pdf>

(epstopdf)             Command: <repstopdf --outfile=pics/Roefrommburgers-eps-c
onverted-to.pdf pics/Roefrommburgers.eps>
(epstopdf)             \includegraphics on input line 136.
runsystem(repstopdf --outfile=pics/Roefrommburgers-eps-converted-to.pdf pics/Ro
efrommburgers.eps)...executed safely (allowed).

Package epstopdf Info: Result file: <pics/Roefrommburgers-eps-converted-to.pdf>

(epstopdf)                    date: 2019-09-12 14:50:33
(epstopdf)                    size: 13653 bytes.


pdfTeX warning: pdflatex (file ./pics/Roefrommburgers-eps-converted-to.pdf): PD
F inclusion: found PDF version <1.7>, but at most version <1.5> allowed
<pics/Roefrommburgers-eps-converted-to.pdf, id=320, 433.62pt x 289.08pt>
File: pics/Roefrommburgers-eps-converted-to.pdf Graphic file (type pdf)
<use pics/Roefrommburgers-eps-converted-to.pdf>
Package pdftex.def Info: pics/Roefrommburgers-eps-converted-to.pdf  used on inp
ut line 136.
(pdftex.def)             Requested size: 386.67296pt x 257.79646pt.
[7 <./pics/Roefrommadvection-eps-converted-to.pdf> <./pics/Roefrommburgers-eps-
converted-to.pdf>]
Package epstopdf Info: Source file: <pics/Godunovadvection2.eps>
(epstopdf)                    date: 2019-09-12 14:42:47
(epstopdf)                    size: 19307 bytes
(epstopdf)             Output file: <pics/Godunovadvection2-eps-converted-to.pd
f>
(epstopdf)             Command: <repstopdf --outfile=pics/Godunovadvection2-eps
-converted-to.pdf pics/Godunovadvection2.eps>
(epstopdf)             \includegraphics on input line 147.
runsystem(repstopdf --outfile=pics/Godunovadvection2-eps-converted-to.pdf pics/
Godunovadvection2.eps)...executed safely (allowed).

Package epstopdf Info: Result file: <pics/Godunovadvection2-eps-converted-to.pd
f>
(epstopdf)                    date: 2019-09-12 14:50:33
(epstopdf)                    size: 13236 bytes.


pdfTeX warning: pdflatex (file ./pics/Godunovadvection2-eps-converted-to.pdf): 
PDF inclusion: found PDF version <1.7>, but at most version <1.5> allowed
<pics/Godunovadvection2-eps-converted-to.pdf, id=385, 433.62pt x 289.08pt>
File: pics/Godunovadvection2-eps-converted-to.pdf Graphic file (type pdf)
<use pics/Godunovadvection2-eps-converted-to.pdf>
Package pdftex.def Info: pics/Godunovadvection2-eps-converted-to.pdf  used on i
nput line 147.
(pdftex.def)             Requested size: 386.67296pt x 257.79646pt.
Package epstopdf Info: Source file: <pics/Godunovburgers2.eps>
(epstopdf)                    date: 2019-09-12 14:42:47
(epstopdf)                    size: 20990 bytes
(epstopdf)             Output file: <pics/Godunovburgers2-eps-converted-to.pdf>

(epstopdf)             Command: <repstopdf --outfile=pics/Godunovburgers2-eps-c
onverted-to.pdf pics/Godunovburgers2.eps>
(epstopdf)             \includegraphics on input line 153.
runsystem(repstopdf --outfile=pics/Godunovburgers2-eps-converted-to.pdf pics/Go
dunovburgers2.eps)...executed safely (allowed).

Package epstopdf Info: Result file: <pics/Godunovburgers2-eps-converted-to.pdf>

(epstopdf)                    date: 2019-09-12 14:50:33
(epstopdf)                    size: 13985 bytes.


pdfTeX warning: pdflatex (file ./pics/Godunovburgers2-eps-converted-to.pdf): PD
F inclusion: found PDF version <1.7>, but at most version <1.5> allowed
<pics/Godunovburgers2-eps-converted-to.pdf, id=386, 433.62pt x 289.08pt>
File: pics/Godunovburgers2-eps-converted-to.pdf Graphic file (type pdf)
<use pics/Godunovburgers2-eps-converted-to.pdf>
Package pdftex.def Info: pics/Godunovburgers2-eps-converted-to.pdf  used on inp
ut line 153.
(pdftex.def)             Requested size: 386.67296pt x 257.79646pt.
[8 <./pics/Godunovadvection2-eps-converted-to.pdf>]
Package epstopdf Info: Source file: <pics/Roeadvection2.eps>
(epstopdf)                    date: 2019-09-12 14:42:47
(epstopdf)                    size: 18775 bytes
(epstopdf)             Output file: <pics/Roeadvection2-eps-converted-to.pdf>
(epstopdf)             Command: <repstopdf --outfile=pics/Roeadvection2-eps-con
verted-to.pdf pics/Roeadvection2.eps>
(epstopdf)             \includegraphics on input line 159.
runsystem(repstopdf --outfile=pics/Roeadvection2-eps-converted-to.pdf pics/Roea
dvection2.eps)...executed safely (allowed).

Package epstopdf Info: Result file: <pics/Roeadvection2-eps-converted-to.pdf>
(epstopdf)                    date: 2019-09-12 14:50:33
(epstopdf)                    size: 12877 bytes.


pdfTeX warning: pdflatex (file ./pics/Roeadvection2-eps-converted-to.pdf): PDF 
inclusion: found PDF version <1.7>, but at most version <1.5> allowed
<pics/Roeadvection2-eps-converted-to.pdf, id=422, 433.62pt x 289.08pt>
File: pics/Roeadvection2-eps-converted-to.pdf Graphic file (type pdf)
<use pics/Roeadvection2-eps-converted-to.pdf>
Package pdftex.def Info: pics/Roeadvection2-eps-converted-to.pdf  used on input
 line 159.
(pdftex.def)             Requested size: 386.67296pt x 257.79646pt.
Package epstopdf Info: Source file: <pics/Roeburgers2.eps>
(epstopdf)                    date: 2019-09-12 14:42:47
(epstopdf)                    size: 19102 bytes
(epstopdf)             Output file: <pics/Roeburgers2-eps-converted-to.pdf>
(epstopdf)             Command: <repstopdf --outfile=pics/Roeburgers2-eps-conve
rted-to.pdf pics/Roeburgers2.eps>
(epstopdf)             \includegraphics on input line 165.
runsystem(repstopdf --outfile=pics/Roeburgers2-eps-converted-to.pdf pics/Roebur
gers2.eps)...executed safely (allowed).

Package epstopdf Info: Result file: <pics/Roeburgers2-eps-converted-to.pdf>
(epstopdf)                    date: 2019-09-12 14:50:34
(epstopdf)                    size: 12694 bytes.


pdfTeX warning: pdflatex (file ./pics/Roeburgers2-eps-converted-to.pdf): PDF in
clusion: found PDF version <1.7>, but at most version <1.5> allowed
<pics/Roeburgers2-eps-converted-to.pdf, id=423, 433.62pt x 289.08pt>
File: pics/Roeburgers2-eps-converted-to.pdf Graphic file (type pdf)
<use pics/Roeburgers2-eps-converted-to.pdf>
Package pdftex.def Info: pics/Roeburgers2-eps-converted-to.pdf  used on input l
ine 165.
(pdftex.def)             Requested size: 386.67296pt x 257.79646pt.
[9 <./pics/Godunovburgers2-eps-converted-to.pdf> <./pics/Roeadvection2-eps-conv
erted-to.pdf>]
Package atveryend Info: Empty hook `BeforeClearDocument' on input line 169.
 [10 <./pics/Roeburgers2-eps-converted-to.pdf>]
Package atveryend Info: Empty hook `AfterLastShipout' on input line 169.
 (./main.aux)
Package atveryend Info: Executing hook `AtVeryEndDocument' on input line 169.
Package atveryend Info: Executing hook `AtEndAfterFileList' on input line 169.
Package rerunfilecheck Info: File `main.out' has not changed.
(rerunfilecheck)             Checksum: D41D8CD98F00B204E9800998ECF8427E;0.


LaTeX Warning: There were multiply-defined labels.

Package atveryend Info: Empty hook `AtVeryVeryEnd' on input line 169.
 ) 
Here is how much of TeX's memory you used:
 10436 strings out of 492701
 156537 string characters out of 6134504
 267518 words of memory out of 5000000
 14137 multiletter control sequences out of 15000+600000
 25400 words of font info for 22 fonts, out of 8000000 for 9000
 1137 hyphenation exceptions out of 8191
 36i,5n,38p,412b,336s stack positions out of 5000i,500n,10000p,200000b,80000s
{/usr/share/texlive/texmf-dist/fonts/enc/dvips/lm/lm-ec.enc}</usr/share/texli
ve/texmf-dist/fonts/type1/public/lm/lmbx12.pfb></usr/share/texlive/texmf-dist/f
onts/type1/public/lm/lmr10.pfb></usr/share/texlive/texmf-dist/fonts/type1/publi
c/lm/lmr12.pfb>
Output written on main.pdf (10 pages, 244179 bytes).
PDF statistics:
 541 PDF objects out of 1000 (max. 8388607)
 138 compressed objects within 2 object streams
 31 named destinations out of 1000 (max. 500000)
 81 words of extra memory for PDF output out of 10000 (max. 10000000)

